<?xml version="1.0" encoding="UTF-8"?>
<!-- Generated by org.testng.reporters.JUnitXMLReporter -->
<testsuite hostname="IONDELWS525" name="Command line test" tests="10" failures="0" timestamp="1 Sep 2016 07:00:00 GMT" time="0.125" errors="0">
  <testcase name="testAdd" time="0.0" classname="com.iontrading.calculator.calculator.CalculatorTest"/>
  <testcase name="testDivideFirstBySecond" time="0.0" classname="com.iontrading.calculator.calculator.CalculatorTest"/>
  <testcase name="testMultiply" time="0.0" classname="com.iontrading.calculator.calculator.CalculatorTest"/>
  <testcase name="testSubtractSecondFromFirst" time="0.0" classname="com.iontrading.calculator.calculator.CalculatorTest"/>
  <testcase name="setup" time="0.0" classname="com.iontrading.calculator.calculator.ClientInterfaceTest"/>
  <testcase name="testCalculateAdd" time="0.0" classname="com.iontrading.calculator.calculator.ClientInterfaceTest"/>
  <testcase name="testCalculateDivide" time="0.0" classname="com.iontrading.calculator.calculator.ClientInterfaceTest"/>
  <testcase name="testCalculateDivideByZero" time="0.0" classname="com.iontrading.calculator.calculator.ClientInterfaceTest"/>
  <testcase name="testCalculateMul" time="0.0" classname="com.iontrading.calculator.calculator.ClientInterfaceTest"/>
  <testcase name="testCalculateSub" time="0.0" classname="com.iontrading.calculator.calculator.ClientInterfaceTest"/>
</testsuite> <!-- Command line test -->
