<?xml version="1.0" encoding="UTF-8"?>
<!-- Generated by org.testng.reporters.JUnitXMLReporter -->
<testsuite hostname="IONDELWS200" name="Command line test" tests="6" failures="0" timestamp="15 Jun 2017 10:00:52 GMT" time="0.291" errors="0">
  <testcase name="" time="0.01" classname="com.iontrading.calculator.calculator.CalculatorTest"/>
  <testcase name="" time="0.0" classname="com.iontrading.calculator.calculator.CalculatorTest"/>
  <testcase name="" time="0.0" classname="com.iontrading.calculator.calculator.CalculatorTest"/>
  <testcase name="" time="0.0" classname="com.iontrading.calculator.calculator.ClientInterfaceTest"/>
  <testcase name="" time="0.0" classname="com.iontrading.calculator.calculator.ClientInterfaceTest"/>
  <testcase name="" time="0.0" classname="com.iontrading.calculator.calculator.ClientInterfaceTest"/>
</testsuite> <!-- Command line test -->
