<?xml version="1.0" encoding="UTF-8"?>
<testng-results skipped="0" failed="0" total="3" passed="3">
  <reporter-output>
  </reporter-output>
  <suite name="Default suite" duration-ms="58" started-at="2017-06-15T09:48:57Z" finished-at="2017-06-15T09:48:57Z">
    <groups>
    </groups>
    <test name="Default test" duration-ms="58" started-at="2017-06-15T09:48:57Z" finished-at="2017-06-15T09:48:57Z">
      <class name="com.iontrading.calculator.calculator.CalculatorTest">
        <test-method status="PASS" signature="setup()[pri:0, instance:com.iontrading.calculator.calculator.CalculatorTest@7171179a]" test-instance-name="" name="setup" is-config="true" duration-ms="14" started-at="2017-06-15T15:18:57Z" finished-at="2017-06-15T15:18:57Z">
          <reporter-output>
          </reporter-output>
        </test-method> <!-- setup -->
        <test-method status="PASS" signature="testAdd()[pri:0, instance:com.iontrading.calculator.calculator.CalculatorTest@7171179a]" test-instance-name="" name="testAdd" duration-ms="9" started-at="2017-06-15T15:18:57Z" finished-at="2017-06-15T15:18:57Z">
          <reporter-output>
          </reporter-output>
        </test-method> <!-- testAdd -->
        <test-method status="PASS" signature="testFindMax()[pri:0, instance:com.iontrading.calculator.calculator.CalculatorTest@7171179a]" test-instance-name="" name="testFindMax" duration-ms="4" started-at="2017-06-15T15:18:57Z" finished-at="2017-06-15T15:18:57Z">
          <reporter-output>
          </reporter-output>
        </test-method> <!-- testFindMax -->
        <test-method status="PASS" signature="testSubtractSecondFromFirst()[pri:0, instance:com.iontrading.calculator.calculator.CalculatorTest@7171179a]" test-instance-name="" name="testSubtractSecondFromFirst" duration-ms="2" started-at="2017-06-15T15:18:57Z" finished-at="2017-06-15T15:18:57Z">
          <reporter-output>
          </reporter-output>
        </test-method> <!-- testSubtractSecondFromFirst -->
      </class> <!-- com.iontrading.calculator.calculator.CalculatorTest -->
    </test> <!-- Default test -->
  </suite> <!-- Default suite -->
</testng-results>
