<?xml version="1.0" encoding="UTF-8"?>
<testng-results skipped="0" failed="0" total="1" passed="1">
  <reporter-output>
  </reporter-output>
  <suite name="Default suite" duration-ms="50" started-at="2017-06-21T12:14:49Z" finished-at="2017-06-21T12:14:49Z">
    <groups>
    </groups>
    <test name="Default test" duration-ms="50" started-at="2017-06-21T12:14:49Z" finished-at="2017-06-21T12:14:49Z">
      <class name="com.phone.phone_datamodel.entities.PhoneTest">
        <test-method status="PASS" signature="testBean()[pri:0, instance:com.phone.phone_datamodel.entities.PhoneTest@435879e8]" name="testBean" duration-ms="20" started-at="2017-06-21T17:44:49Z" finished-at="2017-06-21T17:44:49Z">
          <reporter-output>
          </reporter-output>
        </test-method> <!-- testBean -->
      </class> <!-- com.phone.phone_datamodel.entities.PhoneTest -->
    </test> <!-- Default test -->
  </suite> <!-- Default suite -->
</testng-results>
