<?xml version="1.0" encoding="UTF-8"?>
<testng-results skipped="0" failed="0" total="0" passed="0">
  <reporter-output>
  </reporter-output>
  <suite name="com.phone.phone_server.AppTest" duration-ms="10" started-at="2017-06-30T10:54:57Z" finished-at="2017-06-30T10:54:57Z">
    <groups>
    </groups>
    <test name="Command line test" duration-ms="10" started-at="2017-06-30T10:54:57Z" finished-at="2017-06-30T10:54:57Z">
    </test> <!-- Command line test -->
  </suite> <!-- com.phone.phone_server.AppTest -->
</testng-results>
