<?xml version="1.0" encoding="UTF-8"?>
<testng-results skipped="0" failed="0" total="1" passed="1">
  <reporter-output>
  </reporter-output>
  <suite name="Command line suite" duration-ms="16" started-at="2016-09-01T07:00:00Z" finished-at="2016-09-01T07:00:00Z">
    <groups>
    </groups>
    <test name="Command line test" duration-ms="16" started-at="2016-09-01T07:00:00Z" finished-at="2016-09-01T07:00:00Z">
      <class name="com.iontrading.calculator.calculator.AppTest">
        <test-method status="PASS" signature="testApp()[pri:0, instance:testApp(com.iontrading.calculator.calculator.AppTest)]" name="testApp" duration-ms="0" started-at="2016-09-01T12:30:00Z" finished-at="2016-09-01T12:30:00Z">
          <reporter-output>
          </reporter-output>
        </test-method> <!-- testApp -->
      </class> <!-- com.iontrading.calculator.calculator.AppTest -->
    </test> <!-- Command line test -->
  </suite> <!-- Command line suite -->
</testng-results>
