<?xml version="1.0" encoding="UTF-8"?>
<testng-results skipped="0" failed="0" total="6" passed="6">
  <reporter-output>
  </reporter-output>
  <suite name="Command line suite" duration-ms="291" started-at="2017-06-15T10:00:52Z" finished-at="2017-06-15T10:00:52Z">
    <groups>
    </groups>
    <test name="Command line test" duration-ms="291" started-at="2017-06-15T10:00:52Z" finished-at="2017-06-15T10:00:52Z">
      <class name="com.iontrading.calculator.calculator.ClientInterfaceTest">
        <test-method status="PASS" signature="setup()[pri:0, instance:com.iontrading.calculator.calculator.ClientInterfaceTest@2301ba21]" test-instance-name="" name="setup" is-config="true" duration-ms="10" started-at="2017-06-15T15:30:52Z" finished-at="2017-06-15T15:30:52Z">
          <reporter-output>
          </reporter-output>
        </test-method> <!-- setup -->
        <test-method status="PASS" signature="testCalculateAdd()[pri:0, instance:com.iontrading.calculator.calculator.ClientInterfaceTest@2301ba21]" test-instance-name="" name="testCalculateAdd" duration-ms="0" started-at="2017-06-15T15:30:52Z" finished-at="2017-06-15T15:30:52Z">
          <reporter-output>
          </reporter-output>
        </test-method> <!-- testCalculateAdd -->
        <test-method status="PASS" signature="testCalculateSub()[pri:0, instance:com.iontrading.calculator.calculator.ClientInterfaceTest@2301ba21]" test-instance-name="" name="testCalculateSub" duration-ms="0" started-at="2017-06-15T15:30:52Z" finished-at="2017-06-15T15:30:52Z">
          <reporter-output>
          </reporter-output>
        </test-method> <!-- testCalculateSub -->
        <test-method status="PASS" signature="testFindMax()[pri:0, instance:com.iontrading.calculator.calculator.ClientInterfaceTest@2301ba21]" test-instance-name="" name="testFindMax" duration-ms="0" started-at="2017-06-15T15:30:52Z" finished-at="2017-06-15T15:30:52Z">
          <reporter-output>
          </reporter-output>
        </test-method> <!-- testFindMax -->
      </class> <!-- com.iontrading.calculator.calculator.ClientInterfaceTest -->
      <class name="com.iontrading.calculator.calculator.CalculatorTest">
        <test-method status="PASS" signature="setup()[pri:0, instance:com.iontrading.calculator.calculator.CalculatorTest@5b187658]" test-instance-name="" name="setup" is-config="true" duration-ms="261" started-at="2017-06-15T15:30:52Z" finished-at="2017-06-15T15:30:52Z">
          <reporter-output>
          </reporter-output>
        </test-method> <!-- setup -->
        <test-method status="PASS" signature="testAdd()[pri:0, instance:com.iontrading.calculator.calculator.CalculatorTest@5b187658]" test-instance-name="" name="testAdd" duration-ms="10" started-at="2017-06-15T15:30:52Z" finished-at="2017-06-15T15:30:52Z">
          <reporter-output>
          </reporter-output>
        </test-method> <!-- testAdd -->
        <test-method status="PASS" signature="testFindMax()[pri:0, instance:com.iontrading.calculator.calculator.CalculatorTest@5b187658]" test-instance-name="" name="testFindMax" duration-ms="0" started-at="2017-06-15T15:30:52Z" finished-at="2017-06-15T15:30:52Z">
          <reporter-output>
          </reporter-output>
        </test-method> <!-- testFindMax -->
        <test-method status="PASS" signature="testSubtractSecondFromFirst()[pri:0, instance:com.iontrading.calculator.calculator.CalculatorTest@5b187658]" test-instance-name="" name="testSubtractSecondFromFirst" duration-ms="0" started-at="2017-06-15T15:30:52Z" finished-at="2017-06-15T15:30:52Z">
          <reporter-output>
          </reporter-output>
        </test-method> <!-- testSubtractSecondFromFirst -->
      </class> <!-- com.iontrading.calculator.calculator.CalculatorTest -->
    </test> <!-- Command line test -->
  </suite> <!-- Command line suite -->
</testng-results>
